{
  "stats": {
    "suites": 1,
    "tests": 1,
    "passes": 1,
    "pending": 0,
    "failures": 0,
    "start": "2025-10-29T16:03:32.551Z",
    "end": "2025-10-29T16:03:43.404Z",
    "duration": 10853,
    "testsRegistered": 1,
    "passPercent": 100,
    "pendingPercent": 0,
    "other": 0,
    "hasOther": false,
    "skipped": 0,
    "hasSkipped": false
  },
  "results": [
    {
      "uuid": "163cfb76-d77e-44f0-8488-6e60f2337ccd",
      "title": "",
      "fullFile": "cypress\\tests\\login.spec.js",
      "file": "cypress\\tests\\login.spec.js",
      "beforeHooks": [],
      "afterHooks": [],
      "tests": [],
      "suites": [
        {
          "uuid": "13a4480e-0bb3-4c19-9ac2-c677f03e657b",
          "title": "Login test with invalid user",
          "fullFile": "",
          "file": "",
          "beforeHooks": [],
          "afterHooks": [],
          "tests": [
            {
              "title": "input login information and verify message",
              "fullTitle": "Login test with invalid user input login information and verify message",
              "timedOut": null,
              "duration": 10832,
              "state": "passed",
              "speed": "slow",
              "pass": true,
              "fail": false,
              "pending": false,
              "context": "{\n  \"title\": \"cypress-mochawesome-reporter-screenshots\",\n  \"value\": [\n    [\n      \"\\\\login.spec.js\\\\Login test with invalid user -- input login information and verify message.png\"\n    ]\n  ]\n}",
              "code": "// Step 1: input login information\nloginPage.login(_users.default.email, _users.default.password);\n// Step 2: verify message\nloginPage.verifyErrorMessage();",
              "err": {},
              "uuid": "a2bed5f6-2aaa-437c-9921-ad64448113cb",
              "parentUUID": "13a4480e-0bb3-4c19-9ac2-c677f03e657b",
              "isHook": false,
              "skipped": false
            }
          ],
          "suites": [],
          "passes": [
            "a2bed5f6-2aaa-437c-9921-ad64448113cb"
          ],
          "failures": [],
          "pending": [],
          "skipped": [],
          "duration": 10832,
          "root": false,
          "rootEmpty": false,
          "_timeout": 2000
        }
      ],
      "passes": [],
      "failures": [],
      "pending": [],
      "skipped": [],
      "duration": 0,
      "root": true,
      "rootEmpty": true,
      "_timeout": 2000
    }
  ],
  "meta": {
    "mocha": {
      "version": "7.0.1"
    },
    "mochawesome": {
      "options": {
        "quiet": false,
        "reportFilename": "mochawesome",
        "saveHtml": false,
        "saveJson": true,
        "consoleReporter": "spec",
        "useInlineDiffs": false,
        "code": true
      },
      "version": "7.1.4"
    },
    "marge": {
      "options": {
        "reportDir": "cypress\\results\\.jsons",
        "overwrite": false,
        "html": false,
        "json": true,
        "embeddedScreenshots": true,
        "inlineAssets": true
      },
      "version": "6.3.0"
    }
  }
}