{
  "stats": {
    "suites": 1,
    "tests": 1,
    "passes": 1,
    "pending": 0,
    "failures": 0,
    "start": "2025-10-29T16:03:32.532Z",
    "end": "2025-10-29T16:03:43.524Z",
    "duration": 10992,
    "testsRegistered": 1,
    "passPercent": 100,
    "pendingPercent": 0,
    "other": 0,
    "hasOther": false,
    "skipped": 0,
    "hasSkipped": false
  },
  "results": [
    {
      "uuid": "d1b64436-e0f5-4ca8-8aee-d2e5f5d34853",
      "title": "",
      "fullFile": "cypress\\tests\\login2.spec.js",
      "file": "cypress\\tests\\login2.spec.js",
      "beforeHooks": [],
      "afterHooks": [],
      "tests": [],
      "suites": [
        {
          "uuid": "61d7f6fd-441e-45e7-b66d-a437e5772088",
          "title": "Login test with invalid user #2",
          "fullFile": "",
          "file": "",
          "beforeHooks": [],
          "afterHooks": [],
          "tests": [
            {
              "title": "input login information and verify message #2",
              "fullTitle": "Login test with invalid user #2 input login information and verify message #2",
              "timedOut": null,
              "duration": 10962,
              "state": "passed",
              "speed": "slow",
              "pass": true,
              "fail": false,
              "pending": false,
              "context": "{\n  \"title\": \"cypress-mochawesome-reporter-screenshots\",\n  \"value\": [\n    [\n      \"\\\\login2.spec.js\\\\Login test with invalid user #2 -- input login information and verify message #2.png\"\n    ]\n  ]\n}",
              "code": "// Step 1: input login information\nloginPage.login(_users.default.email, _users.default.password);\n// Step 2: verify message\nloginPage.verifyErrorMessage();",
              "err": {},
              "uuid": "f04fc1da-a92b-4411-95b7-338dfde6cc8b",
              "parentUUID": "61d7f6fd-441e-45e7-b66d-a437e5772088",
              "isHook": false,
              "skipped": false
            }
          ],
          "suites": [],
          "passes": [
            "f04fc1da-a92b-4411-95b7-338dfde6cc8b"
          ],
          "failures": [],
          "pending": [],
          "skipped": [],
          "duration": 10962,
          "root": false,
          "rootEmpty": false,
          "_timeout": 2000
        }
      ],
      "passes": [],
      "failures": [],
      "pending": [],
      "skipped": [],
      "duration": 0,
      "root": true,
      "rootEmpty": true,
      "_timeout": 2000
    }
  ],
  "meta": {
    "mocha": {
      "version": "7.0.1"
    },
    "mochawesome": {
      "options": {
        "quiet": false,
        "reportFilename": "mochawesome",
        "saveHtml": false,
        "saveJson": true,
        "consoleReporter": "spec",
        "useInlineDiffs": false,
        "code": true
      },
      "version": "7.1.4"
    },
    "marge": {
      "options": {
        "reportDir": "cypress\\results\\.jsons",
        "overwrite": false,
        "html": false,
        "json": true,
        "embeddedScreenshots": true,
        "inlineAssets": true
      },
      "version": "6.3.0"
    }
  }
}